<?xml version="1.0" encoding="UTF-8"?>
<testng-results ignored="0" total="1" passed="1" failed="0" skipped="0">
  <reporter-output>
  </reporter-output>
  <suite started-at="2023-12-05T10:51:08 IST" name="Default suite" finished-at="2023-12-05T10:51:13 IST" duration-ms="4965">
    <groups>
    </groups>
    <test started-at="2023-12-05T10:51:08 IST" name="Default test" finished-at="2023-12-05T10:51:13 IST" duration-ms="4965">
      <class name="Selenium.Tests.MockTests">
        <test-method is-config="true" signature="setUp()[pri:0, instance:Selenium.Tests.MockTests@5acf93bb]" started-at="2023-12-05T10:51:08 IST" name="setUp" finished-at="2023-12-05T10:51:13 IST" duration-ms="4390" status="PASS">
          <reporter-output>
          </reporter-output>
        </test-method> <!-- setUp -->
        <test-method signature="verifyFirstSection()[pri:0, instance:Selenium.Tests.MockTests@5acf93bb]" started-at="2023-12-05T10:51:13 IST" name="verifyFirstSection" finished-at="2023-12-05T10:51:13 IST" duration-ms="229" status="PASS">
          <reporter-output>
          </reporter-output>
        </test-method> <!-- verifyFirstSection -->
        <test-method is-config="true" signature="afterTest()[pri:0, instance:Selenium.Tests.MockTests@5acf93bb]" started-at="2023-12-05T10:51:13 IST" name="afterTest" finished-at="2023-12-05T10:51:13 IST" duration-ms="311" status="PASS">
          <reporter-output>
          </reporter-output>
        </test-method> <!-- afterTest -->
      </class> <!-- Selenium.Tests.MockTests -->
    </test> <!-- Default test -->
  </suite> <!-- Default suite -->
</testng-results>
